-------------------------------------------------------------------------------
Test set: assignment.SpringBootAssignmentApplicationTests
-------------------------------------------------------------------------------
Tests run: 3, Failures: 3, Errors: 0, Skipped: 0, Time elapsed: 11.988 s <<< FAILURE! - in assignment.SpringBootAssignmentApplicationTests
updateUserProfileSuccessTest  Time elapsed: 1.017 s  <<< FAILURE!
java.lang.AssertionError: Status expected:<200> but was:<400>
	at assignment.SpringBootAssignmentApplicationTests.updateUserProfileSuccessTest(SpringBootAssignmentApplicationTests.java:62)

getUserProfileTest  Time elapsed: 1.003 s  <<< FAILURE!
java.lang.AssertionError: Status expected:<200> but was:<400>
	at assignment.SpringBootAssignmentApplicationTests.getUserProfileTest(SpringBootAssignmentApplicationTests.java:50)

createUserProfileTest  Time elapsed: 0.251 s  <<< FAILURE!
java.lang.AssertionError: Status expected:<200> but was:<400>
	at assignment.SpringBootAssignmentApplicationTests.createUserProfileTest(SpringBootAssignmentApplicationTests.java:40)

