<?xml version="1.0" encoding="UTF-8"?>
<testsuite xmlns:xsi="http://www.w3.org/2001/XMLSchema-instance" xsi:noNamespaceSchemaLocation="https://maven.apache.org/surefire/maven-surefire-plugin/xsd/surefire-test-report.xsd" name="assignment.SpringBootAssignmentApplicationTests" time="11.988" tests="3" errors="0" skipped="0" failures="3">
  <properties>
[...]
</properties>
  <testcase name="updateUserProfileSuccessTest" classname="assignment.SpringBootAssignmentApplicationTests" time="1.017">
    <failure message="Status expected:&lt;200&gt; but was:&lt;400&gt;" type="java.lang.AssertionError"><![CDATA[java.lang.AssertionError: Status expected:<200> but was:<400>
	at assignment.SpringBootAssignmentApplicationTests.updateUserProfileSuccessTest(SpringBootAssignmentApplicationTests.java:62)
]]></failure>
    <system-out><![CDATA[21:56:55.183 [main] DEBUG org.springframework.test.context.junit4.SpringJUnit4ClassRunner - SpringJUnit4ClassRunner constructor called with [class assignment.SpringBootAssignmentApplicationTests]
21:56:55.191 [main] DEBUG org.springframework.test.context.BootstrapUtils - Instantiating CacheAwareContextLoaderDelegate from class [org.springframework.test.context.cache.DefaultCacheAwareContextLoaderDelegate]
21:56:55.206 [main] DEBUG org.springframework.test.context.BootstrapUtils - Instantiating BootstrapContext using constructor [public org.springframework.test.context.support.DefaultBootstrapContext(java.lang.Class,org.springframework.test.context.CacheAwareContextLoaderDelegate)]
21:56:55.266 [main] DEBUG org.springframework.test.context.BootstrapUtils - Instantiating TestContextBootstrapper for test class [assignment.SpringBootAssignmentApplicationTests] from class [org.springframework.boot.test.context.SpringBootTestContextBootstrapper]
21:56:55.292 [main] INFO org.springframework.boot.test.context.SpringBootTestContextBootstrapper - Neither @ContextConfiguration nor @ContextHierarchy found for test class [assignment.SpringBootAssignmentApplicationTests], using SpringBootContextLoader
21:56:55.296 [main] DEBUG org.springframework.test.context.support.AbstractContextLoader - Did not detect default resource location for test class [assignment.SpringBootAssignmentApplicationTests]: class path resource [assignment/SpringBootAssignmentApplicationTests-context.xml] does not exist
21:56:55.296 [main] DEBUG org.springframework.test.context.support.AbstractContextLoader - Did not detect default resource location for test class [assignment.SpringBootAssignmentApplicationTests]: class path resource [assignment/SpringBootAssignmentApplicationTestsContext.groovy] does not exist
21:56:55.297 [main] INFO org.springframework.test.context.support.AbstractContextLoader - Could not detect default resource locations for test class [assignment.SpringBootAssignmentApplicationTests]: no resource found for suffixes {-context.xml, Context.groovy}.
21:56:55.366 [main] DEBUG org.springframework.test.context.support.ActiveProfilesUtils - Could not find an 'annotation declaring class' for annotation type [org.springframework.test.context.ActiveProfiles] and class [assignment.SpringBootAssignmentApplicationTests]
21:56:55.533 [main] DEBUG org.springframework.boot.test.context.SpringBootTestContextBootstrapper - @TestExecutionListeners is not present for class [assignment.SpringBootAssignmentApplicationTests]: using defaults.
21:56:55.534 [main] INFO org.springframework.boot.test.context.SpringBootTestContextBootstrapper - Loaded default TestExecutionListener class names from location [META-INF/spring.factories]: [org.springframework.boot.test.mock.mockito.MockitoTestExecutionListener, org.springframework.boot.test.mock.mockito.ResetMocksTestExecutionListener, org.springframework.boot.test.autoconfigure.restdocs.RestDocsTestExecutionListener, org.springframework.boot.test.autoconfigure.web.client.MockRestServiceServerResetTestExecutionListener, org.springframework.boot.test.autoconfigure.web.servlet.MockMvcPrintOnlyOnFailureTestExecutionListener, org.springframework.boot.test.autoconfigure.web.servlet.WebDriverTestExecutionListener, org.springframework.test.context.web.ServletTestExecutionListener, org.springframework.test.context.support.DirtiesContextBeforeModesTestExecutionListener, org.springframework.test.context.support.DependencyInjectionTestExecutionListener, org.springframework.test.context.support.DirtiesContextTestExecutionListener, org.springframework.test.context.transaction.TransactionalTestExecutionListener, org.springframework.test.context.jdbc.SqlScriptsTestExecutionListener, org.springframework.test.context.event.EventPublishingTestExecutionListener]
21:56:55.561 [main] INFO org.springframework.boot.test.context.SpringBootTestContextBootstrapper - Using TestExecutionListeners: [org.springframework.test.context.web.ServletTestExecutionListener@4d910fd6, org.springframework.test.context.support.DirtiesContextBeforeModesTestExecutionListener@26275bef, org.springframework.boot.test.mock.mockito.MockitoTestExecutionListener@7690781, org.springframework.boot.test.autoconfigure.SpringBootDependencyInjectionTestExecutionListener@77eca502, org.springframework.test.context.support.DirtiesContextTestExecutionListener@3246fb96, org.springframework.test.context.transaction.TransactionalTestExecutionListener@2e222612, org.springframework.test.context.jdbc.SqlScriptsTestExecutionListener@61386958, org.springframework.test.context.event.EventPublishingTestExecutionListener@73ee04c8, org.springframework.boot.test.mock.mockito.ResetMocksTestExecutionListener@7671cb68, org.springframework.boot.test.autoconfigure.restdocs.RestDocsTestExecutionListener@49dc7102, org.springframework.boot.test.autoconfigure.web.client.MockRestServiceServerResetTestExecutionListener@6b8ca3c8, org.springframework.boot.test.autoconfigure.web.servlet.MockMvcPrintOnlyOnFailureTestExecutionListener@68c72235, org.springframework.boot.test.autoconfigure.web.servlet.WebDriverTestExecutionListener@10959ece]
21:56:55.568 [main] DEBUG org.springframework.test.annotation.ProfileValueUtils - Retrieved @ProfileValueSourceConfiguration [null] for test class [assignment.SpringBootAssignmentApplicationTests]
21:56:55.569 [main] DEBUG org.springframework.test.annotation.ProfileValueUtils - Retrieved ProfileValueSource type [class org.springframework.test.annotation.SystemProfileValueSource] for class [assignment.SpringBootAssignmentApplicationTests]
21:56:55.605 [main] DEBUG org.springframework.test.context.junit4.SpringJUnit4ClassRunner - SpringJUnit4ClassRunner constructor called with [class assignment.SpringBootAssignmentApplicationTests]
21:56:55.605 [main] DEBUG org.springframework.test.context.BootstrapUtils - Instantiating CacheAwareContextLoaderDelegate from class [org.springframework.test.context.cache.DefaultCacheAwareContextLoaderDelegate]
21:56:55.606 [main] DEBUG org.springframework.test.context.BootstrapUtils - Instantiating BootstrapContext using constructor [public org.springframework.test.context.support.DefaultBootstrapContext(java.lang.Class,org.springframework.test.context.CacheAwareContextLoaderDelegate)]
21:56:55.606 [main] DEBUG org.springframework.test.context.BootstrapUtils - Instantiating TestContextBootstrapper for test class [assignment.SpringBootAssignmentApplicationTests] from class [org.springframework.boot.test.context.SpringBootTestContextBootstrapper]
21:56:55.607 [main] INFO org.springframework.boot.test.context.SpringBootTestContextBootstrapper - Neither @ContextConfiguration nor @ContextHierarchy found for test class [assignment.SpringBootAssignmentApplicationTests], using SpringBootContextLoader
21:56:55.610 [main] DEBUG org.springframework.test.context.support.AbstractContextLoader - Did not detect default resource location for test class [assignment.SpringBootAssignmentApplicationTests]: class path resource [assignment/SpringBootAssignmentApplicationTests-context.xml] does not exist
21:56:55.611 [main] DEBUG org.springframework.test.context.support.AbstractContextLoader - Did not detect default resource location for test class [assignment.SpringBootAssignmentApplicationTests]: class path resource [assignment/SpringBootAssignmentApplicationTestsContext.groovy] does not exist
21:56:55.611 [main] INFO org.springframework.test.context.support.AbstractContextLoader - Could not detect default resource locations for test class [assignment.SpringBootAssignmentApplicationTests]: no resource found for suffixes {-context.xml, Context.groovy}.
21:56:55.616 [main] DEBUG org.springframework.test.context.support.ActiveProfilesUtils - Could not find an 'annotation declaring class' for annotation type [org.springframework.test.context.ActiveProfiles] and class [assignment.SpringBootAssignmentApplicationTests]
21:56:55.618 [main] DEBUG org.springframework.boot.test.context.SpringBootTestContextBootstrapper - @TestExecutionListeners is not present for class [assignment.SpringBootAssignmentApplicationTests]: using defaults.
21:56:55.618 [main] INFO org.springframework.boot.test.context.SpringBootTestContextBootstrapper - Loaded default TestExecutionListener class names from location [META-INF/spring.factories]: [org.springframework.boot.test.mock.mockito.MockitoTestExecutionListener, org.springframework.boot.test.mock.mockito.ResetMocksTestExecutionListener, org.springframework.boot.test.autoconfigure.restdocs.RestDocsTestExecutionListener, org.springframework.boot.test.autoconfigure.web.client.MockRestServiceServerResetTestExecutionListener, org.springframework.boot.test.autoconfigure.web.servlet.MockMvcPrintOnlyOnFailureTestExecutionListener, org.springframework.boot.test.autoconfigure.web.servlet.WebDriverTestExecutionListener, org.springframework.test.context.web.ServletTestExecutionListener, org.springframework.test.context.support.DirtiesContextBeforeModesTestExecutionListener, org.springframework.test.context.support.DependencyInjectionTestExecutionListener, org.springframework.test.context.support.DirtiesContextTestExecutionListener, org.springframework.test.context.transaction.TransactionalTestExecutionListener, org.springframework.test.context.jdbc.SqlScriptsTestExecutionListener, org.springframework.test.context.event.EventPublishingTestExecutionListener]
21:56:55.618 [main] INFO org.springframework.boot.test.context.SpringBootTestContextBootstrapper - Using TestExecutionListeners: [org.springframework.test.context.web.ServletTestExecutionListener@383bfa16, org.springframework.test.context.support.DirtiesContextBeforeModesTestExecutionListener@4d465b11, org.springframework.boot.test.mock.mockito.MockitoTestExecutionListener@53fdffa1, org.springframework.boot.test.autoconfigure.SpringBootDependencyInjectionTestExecutionListener@5562c41e, org.springframework.test.context.support.DirtiesContextTestExecutionListener@32ee6fee, org.springframework.test.context.transaction.TransactionalTestExecutionListener@4d0f2471, org.springframework.test.context.jdbc.SqlScriptsTestExecutionListener@7133da86, org.springframework.test.context.event.EventPublishingTestExecutionListener@3232a28a, org.springframework.boot.test.mock.mockito.ResetMocksTestExecutionListener@73e22a3d, org.springframework.boot.test.autoconfigure.restdocs.RestDocsTestExecutionListener@47faa49c, org.springframework.boot.test.autoconfigure.web.client.MockRestServiceServerResetTestExecutionListener@28f2a10f, org.springframework.boot.test.autoconfigure.web.servlet.MockMvcPrintOnlyOnFailureTestExecutionListener@f736069, org.springframework.boot.test.autoconfigure.web.servlet.WebDriverTestExecutionListener@6da21078]
21:56:55.619 [main] DEBUG org.springframework.test.annotation.ProfileValueUtils - Retrieved @ProfileValueSourceConfiguration [null] for test class [assignment.SpringBootAssignmentApplicationTests]
21:56:55.619 [main] DEBUG org.springframework.test.annotation.ProfileValueUtils - Retrieved ProfileValueSource type [class org.springframework.test.annotation.SystemProfileValueSource] for class [assignment.SpringBootAssignmentApplicationTests]
21:56:55.742 [main] DEBUG org.springframework.test.annotation.ProfileValueUtils - Retrieved @ProfileValueSourceConfiguration [null] for test class [assignment.SpringBootAssignmentApplicationTests]
21:56:55.743 [main] DEBUG org.springframework.test.annotation.ProfileValueUtils - Retrieved ProfileValueSource type [class org.springframework.test.annotation.SystemProfileValueSource] for class [assignment.SpringBootAssignmentApplicationTests]
21:56:55.748 [main] DEBUG org.springframework.test.annotation.ProfileValueUtils - Retrieved @ProfileValueSourceConfiguration [null] for test class [assignment.SpringBootAssignmentApplicationTests]
21:56:55.749 [main] DEBUG org.springframework.test.annotation.ProfileValueUtils - Retrieved ProfileValueSource type [class org.springframework.test.annotation.SystemProfileValueSource] for class [assignment.SpringBootAssignmentApplicationTests]
21:56:55.750 [main] DEBUG org.springframework.test.annotation.ProfileValueUtils - Retrieved @ProfileValueSourceConfiguration [null] for test class [assignment.SpringBootAssignmentApplicationTests]
21:56:55.750 [main] DEBUG org.springframework.test.annotation.ProfileValueUtils - Retrieved ProfileValueSource type [class org.springframework.test.annotation.SystemProfileValueSource] for class [assignment.SpringBootAssignmentApplicationTests]
21:56:55.759 [main] DEBUG org.springframework.test.context.support.AbstractDirtiesContextTestExecutionListener - Before test class: context [DefaultTestContext@1349883 testClass = SpringBootAssignmentApplicationTests, testInstance = [null], testMethod = [null], testException = [null], mergedContextConfiguration = [WebMergedContextConfiguration@4b29d1d2 testClass = SpringBootAssignmentApplicationTests, locations = '{}', classes = '{class com.uxpsystems.assignment.SpringBootAssignmentApplication, class com.uxpsystems.assignment.SpringBootAssignmentApplication}', contextInitializerClasses = '[]', activeProfiles = '{}', propertySourceLocations = '{}', propertySourceProperties = '{org.springframework.boot.test.context.SpringBootTestContextBootstrapper=true, server.port=0}', contextCustomizers = set[[ImportsContextCustomizer@7f485fda key = [org.springframework.boot.test.autoconfigure.web.servlet.MockMvcAutoConfiguration, org.springframework.boot.test.autoconfigure.web.servlet.MockMvcWebClientAutoConfiguration, org.springframework.boot.test.autoconfigure.web.servlet.MockMvcWebDriverAutoConfiguration, org.springframework.boot.autoconfigure.security.servlet.SecurityAutoConfiguration, org.springframework.boot.autoconfigure.security.servlet.UserDetailsServiceAutoConfiguration, org.springframework.boot.test.autoconfigure.web.servlet.MockMvcSecurityConfiguration]], org.springframework.boot.test.context.filter.ExcludeFilterContextCustomizer@47542153, org.springframework.boot.test.json.DuplicateJsonObjectContextCustomizerFactory$DuplicateJsonObjectContextCustomizer@309e345f, org.springframework.boot.test.mock.mockito.MockitoContextCustomizer@0, org.springframework.boot.test.web.client.TestRestTemplateContextCustomizer@7ee955a8, org.springframework.boot.test.autoconfigure.properties.PropertyMappingContextCustomizer@4b3fa0b3, org.springframework.boot.test.autoconfigure.web.servlet.WebDriverContextCustomizerFactory$Customizer@48aaecc3], resourceBasePath = 'src/main/webapp', contextLoader = 'org.springframework.boot.test.context.SpringBootContextLoader', parent = [null]], attributes = map['org.springframework.test.context.web.ServletTestExecutionListener.activateListener' -> false]], class annotated with @DirtiesContext [false] with mode [null].
21:56:55.762 [main] DEBUG org.springframework.test.annotation.ProfileValueUtils - Retrieved @ProfileValueSourceConfiguration [null] for test class [assignment.SpringBootAssignmentApplicationTests]
21:56:55.762 [main] DEBUG org.springframework.test.annotation.ProfileValueUtils - Retrieved ProfileValueSource type [class org.springframework.test.annotation.SystemProfileValueSource] for class [assignment.SpringBootAssignmentApplicationTests]
21:56:55.769 [main] DEBUG org.springframework.test.context.support.DependencyInjectionTestExecutionListener - Performing dependency injection for test context [[DefaultTestContext@1349883 testClass = SpringBootAssignmentApplicationTests, testInstance = assignment.SpringBootAssignmentApplicationTests@402c4085, testMethod = [null], testException = [null], mergedContextConfiguration = [WebMergedContextConfiguration@4b29d1d2 testClass = SpringBootAssignmentApplicationTests, locations = '{}', classes = '{class com.uxpsystems.assignment.SpringBootAssignmentApplication, class com.uxpsystems.assignment.SpringBootAssignmentApplication}', contextInitializerClasses = '[]', activeProfiles = '{}', propertySourceLocations = '{}', propertySourceProperties = '{org.springframework.boot.test.context.SpringBootTestContextBootstrapper=true, server.port=0}', contextCustomizers = set[[ImportsContextCustomizer@7f485fda key = [org.springframework.boot.test.autoconfigure.web.servlet.MockMvcAutoConfiguration, org.springframework.boot.test.autoconfigure.web.servlet.MockMvcWebClientAutoConfiguration, org.springframework.boot.test.autoconfigure.web.servlet.MockMvcWebDriverAutoConfiguration, org.springframework.boot.autoconfigure.security.servlet.SecurityAutoConfiguration, org.springframework.boot.autoconfigure.security.servlet.UserDetailsServiceAutoConfiguration, org.springframework.boot.test.autoconfigure.web.servlet.MockMvcSecurityConfiguration]], org.springframework.boot.test.context.filter.ExcludeFilterContextCustomizer@47542153, org.springframework.boot.test.json.DuplicateJsonObjectContextCustomizerFactory$DuplicateJsonObjectContextCustomizer@309e345f, org.springframework.boot.test.mock.mockito.MockitoContextCustomizer@0, org.springframework.boot.test.web.client.TestRestTemplateContextCustomizer@7ee955a8, org.springframework.boot.test.autoconfigure.properties.PropertyMappingContextCustomizer@4b3fa0b3, org.springframework.boot.test.autoconfigure.web.servlet.WebDriverContextCustomizerFactory$Customizer@48aaecc3], resourceBasePath = 'src/main/webapp', contextLoader = 'org.springframework.boot.test.context.SpringBootContextLoader', parent = [null]], attributes = map['org.springframework.test.context.web.ServletTestExecutionListener.activateListener' -> false]]].
21:56:55.819 [main] DEBUG org.springframework.test.context.support.TestPropertySourceUtils - Adding inlined properties to environment: {spring.jmx.enabled=false, org.springframework.boot.test.context.SpringBootTestContextBootstrapper=true, server.port=0}

  .   ____          _            __ _ _
 /\\ / ___'_ __ _ _(_)_ __  __ _ \ \ \ \
( ( )\___ | '_ | '_| | '_ \/ _` | \ \ \ \
 \\/  ___)| |_)| | | | | || (_| |  ) ) ) )
  '  |____| .__|_| |_|_| |_\__, | / / / /
 =========|_|==============|___/=/_/_/_/
 :: Spring Boot ::        (v2.2.6.RELEASE)

2020-12-09 21:56:56.451  INFO 28168 --- [           main] a.SpringBootAssignmentApplicationTests   : Starting SpringBootAssignmentApplicationTests on pmedheka01 with PID 28168 (started by PMEDHEKA in C:\MyWork\coding exercise)
2020-12-09 21:56:56.454  INFO 28168 --- [           main] a.SpringBootAssignmentApplicationTests   : No active profile set, falling back to default profiles: default
2020-12-09 21:56:57.858  INFO 28168 --- [           main] .s.d.r.c.RepositoryConfigurationDelegate : Bootstrapping Spring Data JPA repositories in DEFAULT mode.
2020-12-09 21:56:57.944  INFO 28168 --- [           main] .s.d.r.c.RepositoryConfigurationDelegate : Finished Spring Data repository scanning in 72ms. Found 2 JPA repository interfaces.
2020-12-09 21:56:59.406  INFO 28168 --- [           main] o.s.b.w.embedded.tomcat.TomcatWebServer  : Tomcat initialized with port(s): 0 (http)
2020-12-09 21:56:59.422  INFO 28168 --- [           main] o.apache.catalina.core.StandardService   : Starting service [Tomcat]
2020-12-09 21:56:59.422  INFO 28168 --- [           main] org.apache.catalina.core.StandardEngine  : Starting Servlet engine: [Apache Tomcat/9.0.33]
2020-12-09 21:56:59.540  INFO 28168 --- [           main] o.a.c.c.C.[Tomcat].[localhost].[/]       : Initializing Spring embedded WebApplicationContext
2020-12-09 21:56:59.540  INFO 28168 --- [           main] o.s.web.context.ContextLoader            : Root WebApplicationContext: initialization completed in 3041 ms
2020-12-09 21:56:59.646  INFO 28168 --- [           main] com.zaxxer.hikari.HikariDataSource       : HikariPool-1 - Starting...
2020-12-09 21:56:59.948  INFO 28168 --- [           main] com.zaxxer.hikari.HikariDataSource       : HikariPool-1 - Start completed.
2020-12-09 21:56:59.961  INFO 28168 --- [           main] o.s.b.a.h2.H2ConsoleAutoConfiguration    : H2 console available at '/h2-console'. Database available at 'jdbc:h2:file:C:/data/test'
2020-12-09 21:57:00.309  INFO 28168 --- [           main] o.hibernate.jpa.internal.util.LogHelper  : HHH000204: Processing PersistenceUnitInfo [name: default]
2020-12-09 21:57:00.453  INFO 28168 --- [           main] org.hibernate.Version                    : HHH000412: Hibernate ORM core version 5.4.12.Final
2020-12-09 21:57:00.717  INFO 28168 --- [           main] o.hibernate.annotations.common.Version   : HCANN000001: Hibernate Commons Annotations {5.1.0.Final}
2020-12-09 21:57:00.949  INFO 28168 --- [           main] org.hibernate.dialect.Dialect            : HHH000400: Using dialect: org.hibernate.dialect.H2Dialect
2020-12-09 21:57:02.464  INFO 28168 --- [           main] o.h.e.t.j.p.i.JtaPlatformInitiator       : HHH000490: Using JtaPlatform implementation: [org.hibernate.engine.transaction.jta.platform.internal.NoJtaPlatform]
2020-12-09 21:57:02.474  INFO 28168 --- [           main] j.LocalContainerEntityManagerFactoryBean : Initialized JPA EntityManagerFactory for persistence unit 'default'
2020-12-09 21:57:03.631  WARN 28168 --- [           main] JpaBaseConfiguration$JpaWebConfiguration : spring.jpa.open-in-view is enabled by default. Therefore, database queries may be performed during view rendering. Explicitly configure spring.jpa.open-in-view to disable this warning
2020-12-09 21:57:03.973  INFO 28168 --- [           main] o.s.s.concurrent.ThreadPoolTaskExecutor  : Initializing ExecutorService 'applicationTaskExecutor'
2020-12-09 21:57:04.468  INFO 28168 --- [           main] o.a.c.c.C.[Tomcat].[localhost].[/]       : Initializing Spring TestDispatcherServlet ''
2020-12-09 21:57:04.468  INFO 28168 --- [           main] o.s.t.web.servlet.TestDispatcherServlet  : Initializing Servlet ''
2020-12-09 21:57:04.491  INFO 28168 --- [           main] o.s.t.web.servlet.TestDispatcherServlet  : Completed initialization in 23 ms
2020-12-09 21:57:04.659  INFO 28168 --- [           main] o.a.k.clients.consumer.ConsumerConfig    : ConsumerConfig values: 
	allow.auto.create.topics = true
	auto.commit.interval.ms = 5000
	auto.offset.reset = latest
	bootstrap.servers = [localhost:9092]
	check.crcs = true
	client.dns.lookup = default
	client.id = 
	client.rack = 
	connections.max.idle.ms = 540000
	default.api.timeout.ms = 60000
	enable.auto.commit = false
	exclude.internal.topics = true
	fetch.max.bytes = 52428800
	fetch.max.wait.ms = 500
	fetch.min.bytes = 1
	group.id = group_id
	group.instance.id = null
	heartbeat.interval.ms = 3000
	interceptor.classes = []
	internal.leave.group.on.close = true
	isolation.level = read_uncommitted
	key.deserializer = class org.apache.kafka.common.serialization.StringDeserializer
	max.partition.fetch.bytes = 1048576
	max.poll.interval.ms = 300000
	max.poll.records = 500
	metadata.max.age.ms = 300000
	metric.reporters = []
	metrics.num.samples = 2
	metrics.recording.level = INFO
	metrics.sample.window.ms = 30000
	partition.assignment.strategy = [class org.apache.kafka.clients.consumer.RangeAssignor]
	receive.buffer.bytes = 65536
	reconnect.backoff.max.ms = 1000
	reconnect.backoff.ms = 50
	request.timeout.ms = 30000
	retry.backoff.ms = 100
	sasl.client.callback.handler.class = null
	sasl.jaas.config = null
	sasl.kerberos.kinit.cmd = /usr/bin/kinit
	sasl.kerberos.min.time.before.relogin = 60000
	sasl.kerberos.service.name = null
	sasl.kerberos.ticket.renew.jitter = 0.05
	sasl.kerberos.ticket.renew.window.factor = 0.8
	sasl.login.callback.handler.class = null
	sasl.login.class = null
	sasl.login.refresh.buffer.seconds = 300
	sasl.login.refresh.min.period.seconds = 60
	sasl.login.refresh.window.factor = 0.8
	sasl.login.refresh.window.jitter = 0.05
	sasl.mechanism = GSSAPI
	security.protocol = PLAINTEXT
	send.buffer.bytes = 131072
	session.timeout.ms = 10000
	ssl.cipher.suites = null
	ssl.enabled.protocols = [TLSv1.2, TLSv1.1, TLSv1]
	ssl.endpoint.identification.algorithm = https
	ssl.key.password = null
	ssl.keymanager.algorithm = SunX509
	ssl.keystore.location = null
	ssl.keystore.password = null
	ssl.keystore.type = JKS
	ssl.protocol = TLS
	ssl.provider = null
	ssl.secure.random.implementation = null
	ssl.trustmanager.algorithm = PKIX
	ssl.truststore.location = null
	ssl.truststore.password = null
	ssl.truststore.type = JKS
	value.deserializer = class org.springframework.kafka.support.serializer.JsonDeserializer

2020-12-09 21:57:04.941  INFO 28168 --- [           main] o.a.kafka.common.utils.AppInfoParser     : Kafka version: 2.3.1
2020-12-09 21:57:04.941  INFO 28168 --- [           main] o.a.kafka.common.utils.AppInfoParser     : Kafka commitId: 18a913733fb71c01
2020-12-09 21:57:04.941  INFO 28168 --- [           main] o.a.kafka.common.utils.AppInfoParser     : Kafka startTimeMs: 1607543824938
2020-12-09 21:57:04.948  INFO 28168 --- [           main] o.a.k.clients.consumer.KafkaConsumer     : [Consumer clientId=consumer-1, groupId=group_id] Subscribed to topic(s): updateprofile
2020-12-09 21:57:04.952  INFO 28168 --- [           main] o.s.s.c.ThreadPoolTaskScheduler          : Initializing ExecutorService
2020-12-09 21:57:04.968  INFO 28168 --- [           main] o.a.k.clients.consumer.ConsumerConfig    : ConsumerConfig values: 
	allow.auto.create.topics = true
	auto.commit.interval.ms = 5000
	auto.offset.reset = latest
	bootstrap.servers = [localhost:9092]
	check.crcs = true
	client.dns.lookup = default
	client.id = 
	client.rack = 
	connections.max.idle.ms = 540000
	default.api.timeout.ms = 60000
	enable.auto.commit = false
	exclude.internal.topics = true
	fetch.max.bytes = 52428800
	fetch.max.wait.ms = 500
	fetch.min.bytes = 1
	group.id = group_id
	group.instance.id = null
	heartbeat.interval.ms = 3000
	interceptor.classes = []
	internal.leave.group.on.close = true
	isolation.level = read_uncommitted
	key.deserializer = class org.apache.kafka.common.serialization.StringDeserializer
	max.partition.fetch.bytes = 1048576
	max.poll.interval.ms = 300000
	max.poll.records = 500
	metadata.max.age.ms = 300000
	metric.reporters = []
	metrics.num.samples = 2
	metrics.recording.level = INFO
	metrics.sample.window.ms = 30000
	partition.assignment.strategy = [class org.apache.kafka.clients.consumer.RangeAssignor]
	receive.buffer.bytes = 65536
	reconnect.backoff.max.ms = 1000
	reconnect.backoff.ms = 50
	request.timeout.ms = 30000
	retry.backoff.ms = 100
	sasl.client.callback.handler.class = null
	sasl.jaas.config = null
	sasl.kerberos.kinit.cmd = /usr/bin/kinit
	sasl.kerberos.min.time.before.relogin = 60000
	sasl.kerberos.service.name = null
	sasl.kerberos.ticket.renew.jitter = 0.05
	sasl.kerberos.ticket.renew.window.factor = 0.8
	sasl.login.callback.handler.class = null
	sasl.login.class = null
	sasl.login.refresh.buffer.seconds = 300
	sasl.login.refresh.min.period.seconds = 60
	sasl.login.refresh.window.factor = 0.8
	sasl.login.refresh.window.jitter = 0.05
	sasl.mechanism = GSSAPI
	security.protocol = PLAINTEXT
	send.buffer.bytes = 131072
	session.timeout.ms = 10000
	ssl.cipher.suites = null
	ssl.enabled.protocols = [TLSv1.2, TLSv1.1, TLSv1]
	ssl.endpoint.identification.algorithm = https
	ssl.key.password = null
	ssl.keymanager.algorithm = SunX509
	ssl.keystore.location = null
	ssl.keystore.password = null
	ssl.keystore.type = JKS
	ssl.protocol = TLS
	ssl.provider = null
	ssl.secure.random.implementation = null
	ssl.trustmanager.algorithm = PKIX
	ssl.truststore.location = null
	ssl.truststore.password = null
	ssl.truststore.type = JKS
	value.deserializer = class org.springframework.kafka.support.serializer.JsonDeserializer

2020-12-09 21:57:05.002  INFO 28168 --- [           main] o.a.kafka.common.utils.AppInfoParser     : Kafka version: 2.3.1
2020-12-09 21:57:05.002  INFO 28168 --- [           main] o.a.kafka.common.utils.AppInfoParser     : Kafka commitId: 18a913733fb71c01
2020-12-09 21:57:05.003  INFO 28168 --- [           main] o.a.kafka.common.utils.AppInfoParser     : Kafka startTimeMs: 1607543825002
2020-12-09 21:57:05.003  INFO 28168 --- [           main] o.a.k.clients.consumer.KafkaConsumer     : [Consumer clientId=consumer-2, groupId=group_id] Subscribed to topic(s): deleteprofile
2020-12-09 21:57:05.003  INFO 28168 --- [           main] o.s.s.c.ThreadPoolTaskScheduler          : Initializing ExecutorService
2020-12-09 21:57:05.110  INFO 28168 --- [           main] o.s.b.w.embedded.tomcat.TomcatWebServer  : Tomcat started on port(s): 3660 (http) with context path ''
2020-12-09 21:57:05.114  INFO 28168 --- [           main] a.SpringBootAssignmentApplicationTests   : Started SpringBootAssignmentApplicationTests in 9.292 seconds (JVM running for 10.762)
2020-12-09 21:57:05.543  INFO 28168 --- [ntainer#0-0-C-1] org.apache.kafka.clients.Metadata        : [Consumer clientId=consumer-1, groupId=group_id] Cluster ID: Tfb_KFBNQlqs1Wt5h3U0xw
2020-12-09 21:57:05.543  INFO 28168 --- [ntainer#1-0-C-1] org.apache.kafka.clients.Metadata        : [Consumer clientId=consumer-2, groupId=group_id] Cluster ID: Tfb_KFBNQlqs1Wt5h3U0xw
2020-12-09 21:57:05.546  INFO 28168 --- [ntainer#0-0-C-1] o.a.k.c.c.internals.AbstractCoordinator  : [Consumer clientId=consumer-1, groupId=group_id] Discovered group coordinator pmedheka01.corp.amdocs.com:9092 (id: 2147483647 rack: null)
2020-12-09 21:57:05.546  INFO 28168 --- [ntainer#1-0-C-1] o.a.k.c.c.internals.AbstractCoordinator  : [Consumer clientId=consumer-2, groupId=group_id] Discovered group coordinator pmedheka01.corp.amdocs.com:9092 (id: 2147483647 rack: null)
2020-12-09 21:57:05.557  INFO 28168 --- [ntainer#1-0-C-1] o.a.k.c.c.internals.ConsumerCoordinator  : [Consumer clientId=consumer-2, groupId=group_id] Revoking previously assigned partitions []
2020-12-09 21:57:05.558  INFO 28168 --- [ntainer#0-0-C-1] o.a.k.c.c.internals.ConsumerCoordinator  : [Consumer clientId=consumer-1, groupId=group_id] Revoking previously assigned partitions []
2020-12-09 21:57:05.559  INFO 28168 --- [ntainer#0-0-C-1] o.s.k.l.KafkaMessageListenerContainer    : group_id: partitions revoked: []
2020-12-09 21:57:05.559  INFO 28168 --- [ntainer#1-0-C-1] o.s.k.l.KafkaMessageListenerContainer    : group_id: partitions revoked: []
2020-12-09 21:57:05.559  INFO 28168 --- [ntainer#0-0-C-1] o.a.k.c.c.internals.AbstractCoordinator  : [Consumer clientId=consumer-1, groupId=group_id] (Re-)joining group
2020-12-09 21:57:05.559  INFO 28168 --- [ntainer#1-0-C-1] o.a.k.c.c.internals.AbstractCoordinator  : [Consumer clientId=consumer-2, groupId=group_id] (Re-)joining group
2020-12-09 21:57:05.577  INFO 28168 --- [ntainer#1-0-C-1] o.a.k.c.c.internals.AbstractCoordinator  : [Consumer clientId=consumer-2, groupId=group_id] (Re-)joining group
2020-12-09 21:57:05.577  INFO 28168 --- [ntainer#0-0-C-1] o.a.k.c.c.internals.AbstractCoordinator  : [Consumer clientId=consumer-1, groupId=group_id] (Re-)joining group
2020-12-09 21:57:05.578  WARN 28168 --- [           main] .w.s.m.s.DefaultHandlerExceptionResolver : Resolved [org.springframework.web.bind.MissingRequestCookieException: Missing cookie 'JSESSIONID' for method parameter of type String]
2020-12-09 21:57:05.608  INFO 28168 --- [ntainer#0-0-C-1] o.a.k.c.c.internals.AbstractCoordinator  : [Consumer clientId=consumer-1, groupId=group_id] Successfully joined group with generation 44
2020-12-09 21:57:05.608  INFO 28168 --- [ntainer#1-0-C-1] o.a.k.c.c.internals.AbstractCoordinator  : [Consumer clientId=consumer-2, groupId=group_id] Successfully joined group with generation 44
2020-12-09 21:57:05.628  INFO 28168 --- [ntainer#1-0-C-1] o.a.k.c.c.internals.ConsumerCoordinator  : [Consumer clientId=consumer-2, groupId=group_id] Setting newly assigned partitions: deleteprofile-0
2020-12-09 21:57:05.628  INFO 28168 --- [ntainer#0-0-C-1] o.a.k.c.c.internals.ConsumerCoordinator  : [Consumer clientId=consumer-1, groupId=group_id] Setting newly assigned partitions: updateprofile-0

MockHttpServletRequest:
      HTTP Method = PUT
      Request URI = /profile/1
       Parameters = {}
          Headers = [Content-Type:"application/json;charset=UTF-8", Accept:"application/json", Content-Length:"25"]
             Body = {"address":"Rome, Italy"}
    Session Attrs = {}

Handler:
             Type = com.uxpsystems.assignment.controller.UserController
           Method = com.uxpsystems.assignment.controller.UserController#upatePersonalProfile(String, UserProfile, Integer)

Async:
    Async started = false
     Async result = null

Resolved Exception:
             Type = org.springframework.web.bind.MissingRequestCookieException

ModelAndView:
        View name = null
             View = null
            Model = null

FlashMap:
       Attributes = null

MockHttpServletResponse:
           Status = 400
    Error message = Missing cookie 'JSESSIONID' for method parameter of type String
          Headers = []
     Content type = null
             Body = 
    Forwarded URL = null
   Redirected URL = null
          Cookies = []
2020-12-09 21:57:05.648  INFO 28168 --- [ntainer#0-0-C-1] o.a.k.c.c.internals.ConsumerCoordinator  : [Consumer clientId=consumer-1, groupId=group_id] Setting offset for partition updateprofile-0 to the committed offset FetchPosition{offset=11, offsetEpoch=Optional.empty, currentLeader=LeaderAndEpoch{leader=pmedheka01.corp.amdocs.com:9092 (id: 0 rack: null), epoch=0}}
2020-12-09 21:57:05.648  INFO 28168 --- [ntainer#1-0-C-1] o.a.k.c.c.internals.ConsumerCoordinator  : [Consumer clientId=consumer-2, groupId=group_id] Setting offset for partition deleteprofile-0 to the committed offset FetchPosition{offset=2, offsetEpoch=Optional.empty, currentLeader=LeaderAndEpoch{leader=pmedheka01.corp.amdocs.com:9092 (id: 0 rack: null), epoch=0}}
2020-12-09 21:57:05.664  INFO 28168 --- [ntainer#0-0-C-1] o.s.k.l.KafkaMessageListenerContainer    : group_id: partitions assigned: [updateprofile-0]
2020-12-09 21:57:05.666  INFO 28168 --- [ntainer#1-0-C-1] o.s.k.l.KafkaMessageListenerContainer    : group_id: partitions assigned: [deleteprofile-0]
]]></system-out>
  </testcase>
  <testcase name="getUserProfileTest" classname="assignment.SpringBootAssignmentApplicationTests" time="1.003">
    <failure message="Status expected:&lt;200&gt; but was:&lt;400&gt;" type="java.lang.AssertionError"><![CDATA[java.lang.AssertionError: Status expected:<200> but was:<400>
	at assignment.SpringBootAssignmentApplicationTests.getUserProfileTest(SpringBootAssignmentApplicationTests.java:50)
]]></failure>
    <system-out><![CDATA[2020-12-09 21:57:05.695  WARN 28168 --- [           main] .w.s.m.s.DefaultHandlerExceptionResolver : Resolved [org.springframework.web.bind.MissingRequestCookieException: Missing cookie 'JSESSIONID' for method parameter of type String]

MockHttpServletRequest:
      HTTP Method = GET
      Request URI = /profile/1
       Parameters = {}
          Headers = [Content-Type:"application/json;charset=UTF-8"]
             Body = null
    Session Attrs = {}

Handler:
             Type = com.uxpsystems.assignment.controller.UserController
           Method = com.uxpsystems.assignment.controller.UserController#getPersonalProfile(String, Integer)

Async:
    Async started = false
     Async result = null

Resolved Exception:
             Type = org.springframework.web.bind.MissingRequestCookieException

ModelAndView:
        View name = null
             View = null
            Model = null

FlashMap:
       Attributes = null

MockHttpServletResponse:
           Status = 400
    Error message = Missing cookie 'JSESSIONID' for method parameter of type String
          Headers = []
     Content type = null
             Body = 
    Forwarded URL = null
   Redirected URL = null
          Cookies = []

MockHttpServletRequest:
      HTTP Method = GET
      Request URI = /profile/1
       Parameters = {}
          Headers = [Content-Type:"application/json;charset=UTF-8"]
             Body = null
    Session Attrs = {}

Handler:
             Type = com.uxpsystems.assignment.controller.UserController
           Method = com.uxpsystems.assignment.controller.UserController#getPersonalProfile(String, Integer)

Async:
    Async started = false
     Async result = null

Resolved Exception:
             Type = org.springframework.web.bind.MissingRequestCookieException

ModelAndView:
        View name = null
             View = null
            Model = null

FlashMap:
       Attributes = null

MockHttpServletResponse:
           Status = 400
    Error message = Missing cookie 'JSESSIONID' for method parameter of type String
          Headers = []
     Content type = null
             Body = 
    Forwarded URL = null
   Redirected URL = null
          Cookies = []
]]></system-out>
  </testcase>
  <testcase name="createUserProfileTest" classname="assignment.SpringBootAssignmentApplicationTests" time="0.251">
    <failure message="Status expected:&lt;200&gt; but was:&lt;400&gt;" type="java.lang.AssertionError"><![CDATA[java.lang.AssertionError: Status expected:<200> but was:<400>
	at assignment.SpringBootAssignmentApplicationTests.createUserProfileTest(SpringBootAssignmentApplicationTests.java:40)
]]></failure>
    <system-out><![CDATA[2020-12-09 21:57:05.715  WARN 28168 --- [           main] .w.s.m.s.DefaultHandlerExceptionResolver : Resolved [org.springframework.web.bind.MissingRequestCookieException: Missing cookie 'JSESSIONID' for method parameter of type String]

MockHttpServletRequest:
      HTTP Method = POST
      Request URI = /profile
       Parameters = {}
          Headers = [Content-Type:"application/json;charset=UTF-8", Accept:"application/json", Content-Length:"82"]
             Body = {"firstName":"Jack","lastName":"Ma","address":"Beijing, China","phone":"97747655"}
    Session Attrs = {}

Handler:
             Type = com.uxpsystems.assignment.controller.UserController
           Method = com.uxpsystems.assignment.controller.UserController#createPersonalProfile(String, UserProfile)

Async:
    Async started = false
     Async result = null

Resolved Exception:
             Type = org.springframework.web.bind.MissingRequestCookieException

ModelAndView:
        View name = null
             View = null
            Model = null

FlashMap:
       Attributes = null

MockHttpServletResponse:
           Status = 400
    Error message = Missing cookie 'JSESSIONID' for method parameter of type String
          Headers = []
     Content type = null
             Body = 
    Forwarded URL = null
   Redirected URL = null
          Cookies = []
]]></system-out>
  </testcase>
</testsuite>